<?xml version="1.0" encoding="UTF-8"?>
<!-- Generated by org.testng.reporters.JUnitReportReporter -->
<testsuite hostname="ISTHYDPC66" failures="0" tests="1" name="TestNG.Features" time="70.594" errors="0" timestamp="2024-04-05T14:40:08 IST" skipped="0">
  <testcase classname="TestNG.Features" name="FeaturesPage" time="70.594"/>
</testsuite> <!-- TestNG.Features -->
