<?xml version="1.0" encoding="UTF-8"?>
<!-- Generated by org.testng.reporters.JUnitReportReporter -->
<testsuite hostname="ISTHYDPC66" failures="0" tests="1" name="TestNG.HomePage" time="66.770" errors="0" timestamp="2024-04-05T13:25:06 IST" skipped="0">
  <testcase classname="TestNG.HomePage" name="Homepage" time="66.770"/>
</testsuite> <!-- TestNG.HomePage -->
