<?xml version="1.0" encoding="UTF-8"?>
<!-- Generated by org.testng.reporters.JUnitReportReporter -->
<testsuite hostname="ISTHYDPC66" failures="0" tests="1" name="TestNG.CascadingDropDown" time="105.885" errors="0" timestamp="2024-03-14T16:55:46 IST" skipped="0">
  <testcase classname="TestNG.CascadingDropDown" name="AddingCascadingDD" time="105.885"/>
</testsuite> <!-- TestNG.CascadingDropDown -->
