<?xml version="1.0" encoding="UTF-8"?>
<!-- Generated by org.testng.reporters.JUnitReportReporter -->
<testsuite hostname="ISTHYDPC66" failures="0" tests="1" name="TestNG.ShareForm" time="123.538" errors="0" timestamp="2024-03-29T13:52:13 IST" skipped="0">
  <testcase classname="TestNG.ShareForm" name="FormShareRedirection" time="123.538"/>
</testsuite> <!-- TestNG.ShareForm -->
