<?xml version="1.0" encoding="UTF-8"?>
<!-- Generated by org.testng.reporters.JUnitReportReporter -->
<testsuite hostname="ISTHYDPC66" failures="0" tests="1" name="TestNG.Reports" time="146.352" errors="0" timestamp="2024-04-08T22:34:00 IST" skipped="0">
  <testcase classname="TestNG.Reports" name="ReportsPage" time="146.352"/>
</testsuite> <!-- TestNG.Reports -->
