<?xml version="1.0" encoding="UTF-8"?>
<!-- Generated by org.testng.reporters.JUnitReportReporter -->
<testsuite hostname="ISTHYDPC66" failures="0" tests="1" name="TestNG.Pricing" time="49.425" errors="0" timestamp="2024-04-05T17:49:04 IST" skipped="0">
  <testcase classname="TestNG.Pricing" name="PricingPage" time="49.425"/>
</testsuite> <!-- TestNG.Pricing -->
