<?xml version="1.0" encoding="UTF-8"?>
<!-- Generated by org.testng.reporters.JUnitReportReporter -->
<testsuite hostname="ISTHYDPC66" failures="0" tests="1" name="TestNG.Languages" time="95.901" errors="0" timestamp="2024-03-27T15:40:05 IST" skipped="0">
  <testcase classname="TestNG.Languages" name="LanguageKannada" time="95.901"/>
</testsuite> <!-- TestNG.Languages -->
