<?xml version="1.0" encoding="UTF-8"?>
<!-- Generated by org.testng.reporters.JUnitReportReporter -->
<testsuite hostname="ISTHYDPC66" failures="0" tests="1" name="TestNG.AboutUs" time="25.897" errors="0" timestamp="2024-04-05T13:34:44 IST" skipped="0">
  <testcase classname="TestNG.AboutUs" name="Aboutus" time="25.897"/>
</testsuite> <!-- TestNG.AboutUs -->
