<?xml version="1.0" encoding="UTF-8"?>
<!-- Generated by org.testng.reporters.JUnitReportReporter -->
<testsuite hostname="ISTHYDPC66" failures="0" tests="1" name="TestNG.HomePage" time="128.545" errors="0" timestamp="2024-04-19T12:03:49 IST" skipped="0">
  <testcase classname="TestNG.HomePage" name="Homepage" time="128.545"/>
</testsuite> <!-- TestNG.HomePage -->
