<?xml version="1.0" encoding="UTF-8"?>
<!-- Generated by org.testng.reporters.JUnitReportReporter -->
<testsuite hostname="ISTHYDPC66" failures="0" tests="1" name="TestNG.Registration" time="52.156" errors="0" timestamp="2024-03-19T14:26:20 IST" skipped="0">
  <testcase classname="TestNG.Registration" name="registration" time="52.156"/>
</testsuite> <!-- TestNG.Registration -->
