<?xml version="1.0" encoding="UTF-8"?>
<!-- Generated by org.testng.reporters.JUnitReportReporter -->
<testsuite hostname="ISTHYDPC66" failures="0" tests="3" name="TestNG.Folders" time="210.146" errors="0" timestamp="2024-03-28T11:11:07 IST" skipped="0">
  <testcase classname="TestNG.Folders" name="FolderCreation" time="66.761"/>
  <testcase classname="TestNG.Folders" name="FoldernameRenaming" time="73.737"/>
  <testcase classname="TestNG.Folders" name="FolderDeletion" time="69.648"/>
</testsuite> <!-- TestNG.Folders -->
